<?xml version="1.0" encoding="UTF-8"?>
<!-- Generated by org.testng.reporters.JUnitReportReporter -->
<testsuite hostname="Admins-MacBook-Air.local" failures="0" tests="10" name="com.playexch.sportsbook.SoccerBackUnmatchedTC" time="190.661" errors="0" timestamp="2023-05-31T12:16:25 IST" skipped="0">
  <testcase classname="com.playexch.sportsbook.SoccerBackUnmatchedTC" name="loginToWeb" time="61.809"/>
  <system-out/>
  <testcase classname="com.playexch.sportsbook.SoccerBackUnmatchedTC" name="verifyMatchesAvailable" time="39.886"/>
  <system-out/>
  <testcase classname="com.playexch.sportsbook.SoccerBackUnmatchedTC" name="getProfileInfoBeforePlaceBet" time="4.041"/>
  <system-out/>
  <testcase classname="com.playexch.sportsbook.SoccerBackUnmatchedTC" name="backBetPlace" time="21.205"/>
  <system-out/>
  <testcase classname="com.playexch.sportsbook.SoccerBackUnmatchedTC" name="verifyBetPlacedUnmatched" time="11.584"/>
  <system-out/>
  <testcase classname="com.playexch.sportsbook.SoccerBackUnmatchedTC" name="getProfileInfoAfterPlaceBet" time="5.461"/>
  <system-out/>
  <testcase classname="com.playexch.sportsbook.SoccerBackUnmatchedTC" name="getProfileInfoAfterCancelUnmatched" time="37.663"/>
  <system-out/>
  <testcase classname="com.playexch.sportsbook.SoccerBackUnmatchedTC" name="VerifyAllBetPlaceInfo" time="7.567"/>
  <system-out/>
  <testcase classname="com.playexch.sportsbook.SoccerBackUnmatchedTC" name="verifyNetExposure" time="0.006"/>
  <system-out/>
  <testcase classname="com.playexch.sportsbook.SoccerBackUnmatchedTC" name="logOutToWeb" time="1.439"/>
  <system-out/>
</testsuite> <!-- com.playexch.sportsbook.SoccerBackUnmatchedTC -->
