<?xml version="1.0" encoding="UTF-8"?>
<!-- Generated by org.testng.reporters.JUnitReportReporter -->
<testsuite hostname="Admins-MacBook-Air.local" failures="0" tests="10" name="com.playexch.sportsbook.SoccerLayMatchedTC" time="157.904" errors="0" timestamp="2023-05-31T12:24:49 IST" skipped="0">
  <testcase classname="com.playexch.sportsbook.SoccerLayMatchedTC" name="loginToWeb" time="64.054"/>
  <system-out/>
  <testcase classname="com.playexch.sportsbook.SoccerLayMatchedTC" name="verifyMatchesAvailable" time="41.510"/>
  <system-out/>
  <testcase classname="com.playexch.sportsbook.SoccerLayMatchedTC" name="getProfileInfoBeforePlaceBet" time="4.165"/>
  <system-out/>
  <testcase classname="com.playexch.sportsbook.SoccerLayMatchedTC" name="layBetPlace" time="17.906"/>
  <system-out/>
  <testcase classname="com.playexch.sportsbook.SoccerLayMatchedTC" name="verifyBetPlacedUnmatched" time="12.999"/>
  <system-out/>
  <testcase classname="com.playexch.sportsbook.SoccerLayMatchedTC" name="verifyBetPlacedMatched" time="5.164"/>
  <system-out/>
  <testcase classname="com.playexch.sportsbook.SoccerLayMatchedTC" name="getProfileInfoAfterPlaceBet" time="5.128"/>
  <system-out/>
  <testcase classname="com.playexch.sportsbook.SoccerLayMatchedTC" name="VerifyAllBetPlaceInfo" time="5.971"/>
  <system-out/>
  <testcase classname="com.playexch.sportsbook.SoccerLayMatchedTC" name="verifyNetExposure" time="0.007"/>
  <system-out/>
  <testcase classname="com.playexch.sportsbook.SoccerLayMatchedTC" name="logOutToWeb" time="1.000"/>
  <system-out/>
</testsuite> <!-- com.playexch.sportsbook.SoccerLayMatchedTC -->
