<?xml version="1.0" encoding="UTF-8"?>
<!-- Generated by org.testng.reporters.JUnitReportReporter -->
<testsuite hostname="Admins-MacBook-Air.local" failures="0" tests="8" name="com.playexch.sportsbook.CricketLayMatchedTC" time="190.537" errors="0" timestamp="2023-05-24T14:55:43 IST" skipped="0">
  <testcase classname="com.playexch.sportsbook.CricketLayMatchedTC" name="verifyMatchesAvailable" time="29.686"/>
  <system-out/>
  <testcase classname="com.playexch.sportsbook.CricketLayMatchedTC" name="getProfileInfoBeforePlaceBet" time="3.324"/>
  <system-out/>
  <testcase classname="com.playexch.sportsbook.CricketLayMatchedTC" name="layBetPlace" time="93.935"/>
  <system-out/>
  <testcase classname="com.playexch.sportsbook.CricketLayMatchedTC" name="verifyBetPlacedUnmatched" time="32.932"/>
  <system-out/>
  <testcase classname="com.playexch.sportsbook.CricketLayMatchedTC" name="verifyBetPlacedMatched" time="10.108"/>
  <system-out/>
  <testcase classname="com.playexch.sportsbook.CricketLayMatchedTC" name="getProfileInfoAfterPlaceBet" time="5.868"/>
  <system-out/>
  <testcase classname="com.playexch.sportsbook.CricketLayMatchedTC" name="allMyBetsPlaced" time="14.682"/>
  <system-out/>
  <testcase classname="com.playexch.sportsbook.CricketLayMatchedTC" name="verifyNetExposure" time="0.002"/>
  <system-out/>
</testsuite> <!-- com.playexch.sportsbook.CricketLayMatchedTC -->
