<?xml version="1.0" encoding="UTF-8"?>
<!-- Generated by org.testng.reporters.JUnitReportReporter -->
<testsuite hostname="Admins-MacBook-Air.local" failures="0" tests="9" name="com.playexch.testclass.ResetPassword" time="186.155" errors="0" timestamp="2023-06-28T16:20:59 IST" skipped="0">
  <testcase classname="com.playexch.testclass.ResetPassword" name="loginToWeb" time="65.002"/>
  <system-out/>
  <testcase classname="com.playexch.testclass.ResetPassword" name="verifyNewPasswordSameAsCurrent" time="55.136"/>
  <system-out/>
  <testcase classname="com.playexch.testclass.ResetPassword" name="verifyNewPasswordContainspaces" time="6.501"/>
  <system-out/>
  <testcase classname="com.playexch.testclass.ResetPassword" name="verifyLessCharacterPassword" time="5.415"/>
  <system-out/>
  <testcase classname="com.playexch.testclass.ResetPassword" name="verifyIncorrectCurrentPassword" time="13.274"/>
  <system-out/>
  <testcase classname="com.playexch.testclass.ResetPassword" name="verifyUnmatchedPassword" time="27.702"/>
  <system-out/>
  <testcase classname="com.playexch.testclass.ResetPassword" name="setCurrentPassword" time="7.446"/>
  <system-out/>
  <testcase classname="com.playexch.testclass.ResetPassword" name="setNewPassword" time="1.870"/>
  <system-out/>
  <testcase classname="com.playexch.testclass.ResetPassword" name="setReEnterPassword" time="3.809"/>
  <system-out/>
</testsuite> <!-- com.playexch.testclass.ResetPassword -->
