<?xml version="1.0" encoding="UTF-8"?>
<!-- Generated by org.testng.reporters.JUnitReportReporter -->
<testsuite hostname="Admins-MacBook-Air.local" failures="0" tests="10" name="com.playexch.sportsbook.TennisLayMatchedTC" time="190.672" errors="0" timestamp="2023-05-31T14:32:43 IST" skipped="0">
  <testcase classname="com.playexch.sportsbook.TennisLayMatchedTC" name="loginToWeb" time="75.721"/>
  <system-out/>
  <testcase classname="com.playexch.sportsbook.TennisLayMatchedTC" name="verifyMatchesAvailable" time="60.124"/>
  <system-out/>
  <testcase classname="com.playexch.sportsbook.TennisLayMatchedTC" name="getProfileInfoBeforePlaceBet" time="4.813"/>
  <system-out/>
  <testcase classname="com.playexch.sportsbook.TennisLayMatchedTC" name="layBetPlace" time="19.886"/>
  <system-out/>
  <testcase classname="com.playexch.sportsbook.TennisLayMatchedTC" name="verifyBetPlacedUnmatched" time="12.734"/>
  <system-out/>
  <testcase classname="com.playexch.sportsbook.TennisLayMatchedTC" name="verifyBetPlacedMatched" time="5.178"/>
  <system-out/>
  <testcase classname="com.playexch.sportsbook.TennisLayMatchedTC" name="getProfileInfoAfterPlaceBet" time="5.221"/>
  <system-out/>
  <testcase classname="com.playexch.sportsbook.TennisLayMatchedTC" name="VerifyAllBetPlaceInfo" time="6.126"/>
  <system-out/>
  <testcase classname="com.playexch.sportsbook.TennisLayMatchedTC" name="verifyNetExposure" time="0.007"/>
  <system-out/>
  <testcase classname="com.playexch.sportsbook.TennisLayMatchedTC" name="logOutToWeb" time="0.862"/>
  <system-out/>
</testsuite> <!-- com.playexch.sportsbook.TennisLayMatchedTC -->
