<?xml version="1.0" encoding="UTF-8"?>
<!-- Generated by org.testng.reporters.JUnitReportReporter -->
<testsuite hostname="Admins-MacBook-Air.local" failures="0" tests="8" name="com.playexch.backend.WithdrawFlowTC" time="58.192" errors="0" timestamp="2023-05-15T16:53:05 IST" skipped="0">
  <testcase classname="com.playexch.backend.WithdrawFlowTC" name="backendLogin" time="22.675"/>
  <system-out/>
  <testcase classname="com.playexch.backend.WithdrawFlowTC" name="serchUserName" time="9.675"/>
  <system-out/>
  <testcase classname="com.playexch.backend.WithdrawFlowTC" name="setWithdrawbtn" time="7.125"/>
  <system-out/>
  <testcase classname="com.playexch.backend.WithdrawFlowTC" name="getWithdrawData" time="0.374"/>
  <system-out/>
  <testcase classname="com.playexch.backend.WithdrawFlowTC" name="storeAvailableWithdrawData" time="6.121"/>
  <system-out/>
  <testcase classname="com.playexch.backend.WithdrawFlowTC" name="enterAmountForWithdraw" time="11.212"/>
  <system-out/>
  <testcase classname="com.playexch.backend.WithdrawFlowTC" name="verifySaveBtnVisibility" time="0.064"/>
  <system-out/>
  <testcase classname="com.playexch.backend.WithdrawFlowTC" name="backendLogOut" time="0.946"/>
  <system-out/>
</testsuite> <!-- com.playexch.backend.WithdrawFlowTC -->
