<?xml version="1.0" encoding="UTF-8"?>
<!-- Generated by org.testng.reporters.JUnitReportReporter -->
<testsuite hostname="Admins-MacBook-Air.local" failures="0" tests="10" name="com.playexch.sportsbook.TennisLayUnmatchedTC" time="133.198" errors="0" timestamp="2023-05-31T16:07:57 IST" skipped="0">
  <testcase classname="com.playexch.sportsbook.TennisLayUnmatchedTC" name="loginToWeb" time="45.310"/>
  <system-out/>
  <testcase classname="com.playexch.sportsbook.TennisLayUnmatchedTC" name="verifyMatchesAvailable" time="31.398"/>
  <system-out/>
  <testcase classname="com.playexch.sportsbook.TennisLayUnmatchedTC" name="getProfileInfoBeforePlaceBet" time="4.236"/>
  <system-out/>
  <testcase classname="com.playexch.sportsbook.TennisLayUnmatchedTC" name="layBetPlace" time="22.690"/>
  <system-out/>
  <testcase classname="com.playexch.sportsbook.TennisLayUnmatchedTC" name="verifyBetPlacedUnmatched" time="8.997"/>
  <system-out/>
  <testcase classname="com.playexch.sportsbook.TennisLayUnmatchedTC" name="getProfileInfoAfterPlaceBet" time="4.743"/>
  <system-out/>
  <testcase classname="com.playexch.sportsbook.TennisLayUnmatchedTC" name="getProfileInfoAfterCancelUnmatched" time="9.749"/>
  <system-out/>
  <testcase classname="com.playexch.sportsbook.TennisLayUnmatchedTC" name="VerifyAllBetPlaceInfo" time="5.447"/>
  <system-out/>
  <testcase classname="com.playexch.sportsbook.TennisLayUnmatchedTC" name="verifyNetExposure" time="0.004"/>
  <system-out/>
  <testcase classname="com.playexch.sportsbook.TennisLayUnmatchedTC" name="logOutToWeb" time="0.624"/>
  <system-out/>
</testsuite> <!-- com.playexch.sportsbook.TennisLayUnmatchedTC -->
