<?xml version="1.0" encoding="UTF-8"?>
<!-- Generated by org.testng.reporters.JUnitReportReporter -->
<testsuite hostname="Admins-MacBook-Air.local" failures="0" tests="1" name="com.playexch.testlibrary.MailTestClass" time="9.966" errors="0" timestamp="2023-06-14T18:03:39 IST" skipped="0">
  <testcase classname="com.playexch.testlibrary.MailTestClass" name="setAttachEmailReport" time="9.966"/>
  <system-out/>
</testsuite> <!-- com.playexch.testlibrary.MailTestClass -->
