<?xml version="1.0" encoding="UTF-8"?>
<!-- Generated by org.testng.reporters.JUnitReportReporter -->
<testsuite hostname="Admins-MacBook-Air.local" failures="0" tests="3" name="com.playexch.sportsbook.OddsTestCases" time="123.636" errors="0" timestamp="2023-05-22T17:42:20 IST" skipped="0">
  <testcase classname="com.playexch.sportsbook.OddsTestCases" name="loginToWeb" time="65.816"/>
  <system-out/>
  <testcase classname="com.playexch.sportsbook.OddsTestCases" name="verifyMatchesAvailable" time="46.477"/>
  <system-out/>
  <testcase classname="com.playexch.sportsbook.OddsTestCases" name="checkAllOdds" time="11.343"/>
  <system-out/>
</testsuite> <!-- com.playexch.sportsbook.OddsTestCases -->
