<?xml version="1.0" encoding="UTF-8"?>
<!-- Generated by org.testng.reporters.JUnitReportReporter -->
<testsuite hostname="Admins-MacBook-Air.local" failures="0" tests="8" name="com.playexch.testclass.FancyTestCases" time="131.060" errors="0" timestamp="2023-06-06T11:12:24 IST" skipped="0">
  <testcase classname="com.playexch.testclass.FancyTestCases" name="loginToWeb" time="46.973"/>
  <system-out/>
  <testcase classname="com.playexch.testclass.FancyTestCases" name="CricketEventAvailable" time="20.741"/>
  <system-out/>
  <testcase classname="com.playexch.testclass.FancyTestCases" name="verifyFancyMarket" time="19.870"/>
  <system-out/>
  <testcase classname="com.playexch.testclass.FancyTestCases" name="getProfileInfoBeforePlaceBet" time="11.000"/>
  <system-out/>
  <testcase classname="com.playexch.testclass.FancyTestCases" name="verifyBetPlace" time="14.930"/>
  <system-out/>
  <testcase classname="com.playexch.testclass.FancyTestCases" name="getProfileInfoAfterPlaceBet" time="4.328"/>
  <system-out/>
  <testcase classname="com.playexch.testclass.FancyTestCases" name="VerifyAllBetPlaceInfo" time="9.161"/>
  <system-out/>
  <testcase classname="com.playexch.testclass.FancyTestCases" name="logOutToWeb" time="4.057"/>
  <system-out/>
</testsuite> <!-- com.playexch.testclass.FancyTestCases -->
