<?xml version="1.0" encoding="UTF-8"?>
<!-- Generated by org.testng.reporters.JUnitReportReporter -->
<testsuite hostname="Admins-MacBook-Air.local" failures="0" tests="6" name="com.playexch.testclass.MaxBetAmountTC" time="142.233" errors="0" timestamp="2023-06-07T15:48:39 IST" skipped="0">
  <testcase classname="com.playexch.testclass.MaxBetAmountTC" name="loginToWeb" time="64.581"/>
  <system-out/>
  <testcase classname="com.playexch.testclass.MaxBetAmountTC" name="verifyMatchesAvailable" time="59.569"/>
  <system-out/>
  <testcase classname="com.playexch.testclass.MaxBetAmountTC" name="random10digitStakeValue" time="12.401"/>
  <system-out/>
  <testcase classname="com.playexch.testclass.MaxBetAmountTC" name="maxStakeValue" time="3.905"/>
  <system-out/>
  <testcase classname="com.playexch.testclass.MaxBetAmountTC" name="verifyPlaceBtnVisibility" time="0.058"/>
  <system-out/>
  <testcase classname="com.playexch.testclass.MaxBetAmountTC" name="logOutToWeb" time="1.719"/>
  <system-out/>
</testsuite> <!-- com.playexch.testclass.MaxBetAmountTC -->
