<?xml version="1.0" encoding="UTF-8"?>
<!-- Generated by org.testng.reporters.JUnitReportReporter -->
<testsuite hostname="Admins-MacBook-Air.local" failures="0" tests="10" name="com.playexch.sportsbook.SoccerLayUnmatchedTC" time="161.568" errors="0" timestamp="2023-05-31T12:28:54 IST" skipped="0">
  <testcase classname="com.playexch.sportsbook.SoccerLayUnmatchedTC" name="loginToWeb" time="63.023"/>
  <system-out/>
  <testcase classname="com.playexch.sportsbook.SoccerLayUnmatchedTC" name="verifyMatchesAvailable" time="42.993"/>
  <system-out/>
  <testcase classname="com.playexch.sportsbook.SoccerLayUnmatchedTC" name="getProfileInfoBeforePlaceBet" time="4.074"/>
  <system-out/>
  <testcase classname="com.playexch.sportsbook.SoccerLayUnmatchedTC" name="layBetPlace" time="21.322"/>
  <system-out/>
  <testcase classname="com.playexch.sportsbook.SoccerLayUnmatchedTC" name="verifyBetPlacedUnmatched" time="9.093"/>
  <system-out/>
  <testcase classname="com.playexch.sportsbook.SoccerLayUnmatchedTC" name="getProfileInfoAfterPlaceBet" time="4.970"/>
  <system-out/>
  <testcase classname="com.playexch.sportsbook.SoccerLayUnmatchedTC" name="getProfileInfoAfterCancelUnmatched" time="10.068"/>
  <system-out/>
  <testcase classname="com.playexch.sportsbook.SoccerLayUnmatchedTC" name="VerifyAllBetPlaceInfo" time="5.327"/>
  <system-out/>
  <testcase classname="com.playexch.sportsbook.SoccerLayUnmatchedTC" name="verifyNetExposure" time="0.004"/>
  <system-out/>
  <testcase classname="com.playexch.sportsbook.SoccerLayUnmatchedTC" name="logOutToWeb" time="0.694"/>
  <system-out/>
</testsuite> <!-- com.playexch.sportsbook.SoccerLayUnmatchedTC -->
