<?xml version="1.0" encoding="UTF-8"?>
<!-- Generated by org.testng.reporters.JUnitReportReporter -->
<testsuite hostname="Admins-MacBook-Air.local" failures="0" tests="9" name="com.playexch.testclass.password" time="164.127" errors="0" timestamp="2023-06-28T11:28:07 IST" skipped="0">
  <testcase classname="com.playexch.testclass.password" name="loginToWeb" time="59.606"/>
  <system-out/>
  <testcase classname="com.playexch.testclass.password" name="verifyNewPasswordSameAsCurrent" time="51.192"/>
  <system-out/>
  <testcase classname="com.playexch.testclass.password" name="verifyNewPasswordContainspaces" time="5.799"/>
  <system-out/>
  <testcase classname="com.playexch.testclass.password" name="verifyLessCharacterPassword" time="5.128"/>
  <system-out/>
  <testcase classname="com.playexch.testclass.password" name="verifyIncorrectCurrentPassword" time="12.948"/>
  <system-out/>
  <testcase classname="com.playexch.testclass.password" name="verifyUnmatchedPassword" time="17.670"/>
  <system-out/>
  <testcase classname="com.playexch.testclass.password" name="setCurrentPassword" time="6.160"/>
  <system-out/>
  <testcase classname="com.playexch.testclass.password" name="setNewPassword" time="1.949"/>
  <system-out/>
  <testcase classname="com.playexch.testclass.password" name="setReEnterPassword" time="3.675"/>
  <system-out/>
</testsuite> <!-- com.playexch.testclass.password -->
