<?xml version="1.0" encoding="UTF-8"?>
<!-- Generated by org.testng.reporters.JUnitReportReporter -->
<testsuite hostname="Admins-MacBook-Air.local" failures="0" tests="9" name="com.playexch.testclass.ChangePwdTestCases" time="169.905" errors="0" timestamp="2023-06-28T14:35:20 IST" skipped="0">
  <testcase classname="com.playexch.testclass.ChangePwdTestCases" name="loginToWeb" time="66.730"/>
  <system-out/>
  <testcase classname="com.playexch.testclass.ChangePwdTestCases" name="verifyNewPasswordSameAsCurrent" time="50.907"/>
  <system-out/>
  <testcase classname="com.playexch.testclass.ChangePwdTestCases" name="verifyNewPasswordContainspaces" time="6.321"/>
  <system-out/>
  <testcase classname="com.playexch.testclass.ChangePwdTestCases" name="verifyLessCharacterPassword" time="5.251"/>
  <system-out/>
  <testcase classname="com.playexch.testclass.ChangePwdTestCases" name="verifyIncorrectCurrentPassword" time="10.383"/>
  <system-out/>
  <testcase classname="com.playexch.testclass.ChangePwdTestCases" name="verifyUnmatchedPassword" time="18.647"/>
  <system-out/>
  <testcase classname="com.playexch.testclass.ChangePwdTestCases" name="setCurrentPassword" time="5.683"/>
  <system-out/>
  <testcase classname="com.playexch.testclass.ChangePwdTestCases" name="setNewPassword" time="2.318"/>
  <system-out/>
  <testcase classname="com.playexch.testclass.ChangePwdTestCases" name="setReEnterPassword" time="3.665"/>
  <system-out/>
</testsuite> <!-- com.playexch.testclass.ChangePwdTestCases -->
