<?xml version="1.0" encoding="UTF-8"?>
<!-- Generated by org.testng.reporters.JUnitReportReporter -->
<testsuite hostname="Admins-MacBook-Air.local" failures="0" tests="10" name="com.playexch.sportsbook.CricketBackUnmatchedTC" time="276.379" errors="0" timestamp="2023-06-20T17:08:02 IST" skipped="0">
  <testcase classname="com.playexch.sportsbook.CricketBackUnmatchedTC" name="loginToWeb" time="108.009"/>
  <system-out/>
  <testcase classname="com.playexch.sportsbook.CricketBackUnmatchedTC" name="verifyMatchesAvailable" time="80.495"/>
  <system-out/>
  <testcase classname="com.playexch.sportsbook.CricketBackUnmatchedTC" name="getProfileInfoBeforePlaceBet" time="4.899"/>
  <system-out/>
  <testcase classname="com.playexch.sportsbook.CricketBackUnmatchedTC" name="backBetPlace" time="40.056"/>
  <system-out/>
  <testcase classname="com.playexch.sportsbook.CricketBackUnmatchedTC" name="verifyBetPlacedUnmatched" time="18.838"/>
  <system-out/>
  <testcase classname="com.playexch.sportsbook.CricketBackUnmatchedTC" name="getProfileInfoAfterPlaceBet" time="6.378"/>
  <system-out/>
  <testcase classname="com.playexch.sportsbook.CricketBackUnmatchedTC" name="getProfileInfoAfterCancelUnmatched" time="11.568"/>
  <system-out/>
  <testcase classname="com.playexch.sportsbook.CricketBackUnmatchedTC" name="allMyBetsPlaced" time="5.350"/>
  <system-out/>
  <testcase classname="com.playexch.sportsbook.CricketBackUnmatchedTC" name="verifyNetExposure" time="0.041"/>
  <system-out/>
  <testcase classname="com.playexch.sportsbook.CricketBackUnmatchedTC" name="logOutToWeb" time="0.745"/>
  <system-out/>
</testsuite> <!-- com.playexch.sportsbook.CricketBackUnmatchedTC -->
