<?xml version="1.0" encoding="UTF-8"?>
<!-- Generated by org.testng.reporters.JUnitReportReporter -->
<testsuite hostname="Admins-MacBook-Air.local" failures="0" tests="6" name="com.playexch.sportsbook.VerifyAllOddsTC" time="496.711" errors="0" timestamp="2023-06-02T17:27:05 IST" skipped="0">
  <testcase classname="com.playexch.sportsbook.VerifyAllOddsTC" name="loginToWeb" time="65.453"/>
  <system-out/>
  <testcase classname="com.playexch.sportsbook.VerifyAllOddsTC" name="checkCricketOdds" time="97.049"/>
  <system-out/>
  <testcase classname="com.playexch.sportsbook.VerifyAllOddsTC" name="checkSoccerOdds" time="57.139"/>
  <system-out/>
  <testcase classname="com.playexch.sportsbook.VerifyAllOddsTC" name="checkTennisOdds" time="261.295"/>
  <system-out/>
  <testcase classname="com.playexch.sportsbook.VerifyAllOddsTC" name="allMyBetsPlaced" time="13.740"/>
  <system-out/>
  <testcase classname="com.playexch.sportsbook.VerifyAllOddsTC" name="logOutToWeb" time="2.035"/>
  <system-out/>
</testsuite> <!-- com.playexch.sportsbook.VerifyAllOddsTC -->
