<?xml version="1.0" encoding="UTF-8"?>
<!-- Generated by org.testng.reporters.JUnitReportReporter -->
<testsuite hostname="Admins-MacBook-Air.local" failures="0" tests="8" name="com.playexch.sportsbook.CricketLayUnmatchedTC" time="161.306" errors="0" timestamp="2023-05-24T14:55:43 IST" skipped="0">
  <testcase classname="com.playexch.sportsbook.CricketLayUnmatchedTC" name="verifyMatchesAvailable" time="42.173"/>
  <system-out/>
  <testcase classname="com.playexch.sportsbook.CricketLayUnmatchedTC" name="getProfileInfoBeforePlaceBet" time="4.748"/>
  <system-out/>
  <testcase classname="com.playexch.sportsbook.CricketLayUnmatchedTC" name="layBetPlace" time="57.585"/>
  <system-out/>
  <testcase classname="com.playexch.sportsbook.CricketLayUnmatchedTC" name="verifyBetPlacedUnmatched" time="18.991"/>
  <system-out/>
  <testcase classname="com.playexch.sportsbook.CricketLayUnmatchedTC" name="getProfileInfoAfterPlaceBet" time="4.565"/>
  <system-out/>
  <testcase classname="com.playexch.sportsbook.CricketLayUnmatchedTC" name="getProfileInfoAfterCancelUnmatched" time="20.713"/>
  <system-out/>
  <testcase classname="com.playexch.sportsbook.CricketLayUnmatchedTC" name="allMyBetsPlaced" time="12.528"/>
  <system-out/>
  <testcase classname="com.playexch.sportsbook.CricketLayUnmatchedTC" name="verifyNetExposure" time="0.003"/>
  <system-out/>
</testsuite> <!-- com.playexch.sportsbook.CricketLayUnmatchedTC -->
