<?xml version="1.0" encoding="UTF-8"?>
<!-- Generated by org.testng.reporters.JUnitReportReporter -->
<testsuite hostname="Admins-MacBook-Air.local" failures="0" tests="1" name="com.playexch.testclass.LoginBackend" time="5.493" errors="0" timestamp="2023-05-19T11:20:57 IST" skipped="0">
  <testcase classname="com.playexch.testclass.LoginBackend" name="login" time="5.493"/>
  <system-out/>
</testsuite> <!-- com.playexch.testclass.LoginBackend -->
